<?xml version="1.0" encoding="UTF-8"?>
<robot generator="Robot 5.0.1 (Python 3.10.7 on win32)" generated="20230525 16:02:28.169" rpa="false" schemaversion="3">
<suite id="s1" name="appVeradb" source="C:\Users\Testing_Lab\PycharmProjects\AndroidProject\Test\appVeradb.robot">
<test id="s1-t1" name="Open Excel File" line="15">
<kw name="Sleep" library="BuiltIn">
<arg>1s</arg>
<doc>Pauses the test executed for the given time.</doc>
<msg timestamp="20230525 16:02:29.525" level="INFO">Slept 1 second</msg>
<status status="PASS" starttime="20230525 16:02:28.521" endtime="20230525 16:02:29.525"/>
</kw>
<kw name="Open Excel Document" library="ExcelLibrary">
<arg>${path}</arg>
<arg>doc_id=Sheet2</arg>
<doc>Opens xlsx document file.</doc>
<status status="PASS" starttime="20230525 16:02:29.526" endtime="20230525 16:02:29.532"/>
</kw>
<kw name="Get Sheet" library="ExcelLibrary">
<arg>Sheet2</arg>
<doc>Returns a page from the current document.</doc>
<status status="PASS" starttime="20230525 16:02:29.533" endtime="20230525 16:02:29.533"/>
</kw>
<kw name="Sleep" library="BuiltIn">
<arg>2s</arg>
<doc>Pauses the test executed for the given time.</doc>
<msg timestamp="20230525 16:02:31.537" level="INFO">Slept 2 seconds</msg>
<status status="PASS" starttime="20230525 16:02:29.533" endtime="20230525 16:02:31.537"/>
</kw>
<status status="PASS" starttime="20230525 16:02:28.520" endtime="20230525 16:02:31.537"/>
</test>
<test id="s1-t2" name="Capture all app version" line="20">
<kw name="Open Application" library="AppiumLibrary">
<arg>http://127.0.0.1:4723/wd/hub</arg>
<arg>platformName=android</arg>
<arg>platformVersion=10</arg>
<arg>udid=${id1}</arg>
<arg>deviceName=TC57X</arg>
<arg>appPackage=com.android.settings</arg>
<arg>appActivity=com.android.settings.homepage.SettingsHomepageActivity</arg>
<arg>automationName=Uiautomator2</arg>
<doc>Opens a new application to given Appium server.
Capabilities of appium server, Android and iOS,
Please check https://github.com/appium/appium/blob/master/docs/en/writing-running-appium/server-args.md
| *Option*            | *Man.* | *Description*     |
| remote_url          | Yes    | Appium server url |
| alias               | no     | alias             |
| strict_ssl          | No     | allows you to send commands to an invalid certificate host like a self-signed one. |</doc>
<status status="PASS" starttime="20230525 16:02:31.540" endtime="20230525 16:02:40.168"/>
</kw>
<kw name="Sleep" library="BuiltIn">
<arg>2s</arg>
<doc>Pauses the test executed for the given time.</doc>
<msg timestamp="20230525 16:02:42.183" level="INFO">Slept 2 seconds</msg>
<status status="PASS" starttime="20230525 16:02:40.168" endtime="20230525 16:02:42.183"/>
</kw>
<kw name="Run" library="OperatingSystem">
<var>${em}</var>
<arg>adb -s ${id1} shell dumpsys package com.zebra.emscript | findstr versionName</arg>
<doc>Runs the given command in the system and returns the output.</doc>
<msg timestamp="20230525 16:02:42.195" level="INFO">Running command 'adb -s 21208522513170 shell dumpsys package com.zebra.emscript | findstr versionName 2&gt;&amp;1'.</msg>
<msg timestamp="20230525 16:02:42.319" level="INFO">${em} =     versionName=1.3.6</msg>
<status status="PASS" starttime="20230525 16:02:42.184" endtime="20230525 16:02:42.319"/>
</kw>
<kw name="Write Excel Cell" library="ExcelLibrary">
<arg>2</arg>
<arg>2</arg>
<arg>${em}</arg>
<doc>Writes value to the cell.</doc>
<status status="PASS" starttime="20230525 16:02:42.319" endtime="20230525 16:02:42.319"/>
</kw>
<kw name="Save Excel Document" library="ExcelLibrary">
<arg>${path}</arg>
<doc>Saves the current document to disk.</doc>
<status status="PASS" starttime="20230525 16:02:42.320" endtime="20230525 16:02:42.332"/>
</kw>
<kw name="Run" library="OperatingSystem">
<var>${phl}</var>
<arg>adb -s ${id1} shell dumpsys package com.zebra.emscript.ph_plugin | findstr versionName</arg>
<doc>Runs the given command in the system and returns the output.</doc>
<msg timestamp="20230525 16:02:42.339" level="INFO">Running command 'adb -s 21208522513170 shell dumpsys package com.zebra.emscript.ph_plugin | findstr versionName 2&gt;&amp;1'.</msg>
<msg timestamp="20230525 16:02:42.459" level="INFO">${phl} =     versionName=0.1.564</msg>
<status status="PASS" starttime="20230525 16:02:42.332" endtime="20230525 16:02:42.459"/>
</kw>
<kw name="Write Excel Cell" library="ExcelLibrary">
<arg>3</arg>
<arg>2</arg>
<arg>${phl}</arg>
<doc>Writes value to the cell.</doc>
<status status="PASS" starttime="20230525 16:02:42.460" endtime="20230525 16:02:42.460"/>
</kw>
<kw name="Save Excel Document" library="ExcelLibrary">
<arg>${path}</arg>
<doc>Saves the current document to disk.</doc>
<status status="PASS" starttime="20230525 16:02:42.461" endtime="20230525 16:02:42.472"/>
</kw>
<kw name="Run" library="OperatingSystem">
<var>${in}</var>
<arg>adb -s ${id1} shell dumpsys package com.royalmail.indoor | findstr versionName</arg>
<doc>Runs the given command in the system and returns the output.</doc>
<msg timestamp="20230525 16:02:42.481" level="INFO">Running command 'adb -s 21208522513170 shell dumpsys package com.royalmail.indoor | findstr versionName 2&gt;&amp;1'.</msg>
<msg timestamp="20230525 16:02:42.615" level="INFO">${in} =     versionName=6.6</msg>
<status status="PASS" starttime="20230525 16:02:42.473" endtime="20230525 16:02:42.615"/>
</kw>
<kw name="Write Excel Cell" library="ExcelLibrary">
<arg>4</arg>
<arg>2</arg>
<arg>${in}</arg>
<doc>Writes value to the cell.</doc>
<status status="PASS" starttime="20230525 16:02:42.615" endtime="20230525 16:02:42.616"/>
</kw>
<kw name="Save Excel Document" library="ExcelLibrary">
<arg>${path}</arg>
<doc>Saves the current document to disk.</doc>
<status status="PASS" starttime="20230525 16:02:42.616" endtime="20230525 16:02:42.627"/>
</kw>
<kw name="Run" library="OperatingSystem">
<var>${inf}</var>
<arg>adb -s ${id1} shell dumpsys package com.royalmail.inflight | findstr versionName</arg>
<doc>Runs the given command in the system and returns the output.</doc>
<msg timestamp="20230525 16:02:42.633" level="INFO">Running command 'adb -s 21208522513170 shell dumpsys package com.royalmail.inflight | findstr versionName 2&gt;&amp;1'.</msg>
<msg timestamp="20230525 16:02:42.768" level="INFO">${inf} =     versionName=3.6</msg>
<status status="PASS" starttime="20230525 16:02:42.627" endtime="20230525 16:02:42.768"/>
</kw>
<kw name="Write Excel Cell" library="ExcelLibrary">
<arg>5</arg>
<arg>2</arg>
<arg>${inf}</arg>
<doc>Writes value to the cell.</doc>
<status status="PASS" starttime="20230525 16:02:42.769" endtime="20230525 16:02:42.769"/>
</kw>
<kw name="Save Excel Document" library="ExcelLibrary">
<arg>${path}</arg>
<doc>Saves the current document to disk.</doc>
<status status="PASS" starttime="20230525 16:02:42.770" endtime="20230525 16:02:42.780"/>
</kw>
<kw name="Run" library="OperatingSystem">
<var>${m}</var>
<arg>adb -s ${id1} shell dumpsys package com.royalmail.memo | findstr versionName</arg>
<doc>Runs the given command in the system and returns the output.</doc>
<msg timestamp="20230525 16:02:42.787" level="INFO">Running command 'adb -s 21208522513170 shell dumpsys package com.royalmail.memo | findstr versionName 2&gt;&amp;1'.</msg>
<msg timestamp="20230525 16:02:42.907" level="INFO">${m} =     versionName=3.0</msg>
<status status="PASS" starttime="20230525 16:02:42.780" endtime="20230525 16:02:42.907"/>
</kw>
<kw name="Write Excel Cell" library="ExcelLibrary">
<arg>6</arg>
<arg>2</arg>
<arg>${m}</arg>
<doc>Writes value to the cell.</doc>
<status status="PASS" starttime="20230525 16:02:42.908" endtime="20230525 16:02:42.908"/>
</kw>
<kw name="Save Excel Document" library="ExcelLibrary">
<arg>${path}</arg>
<doc>Saves the current document to disk.</doc>
<status status="PASS" starttime="20230525 16:02:42.909" endtime="20230525 16:02:42.920"/>
</kw>
<kw name="Run" library="OperatingSystem">
<var>${my}</var>
<arg>adb -s ${id1} shell dumpsys package com.royalmail.mydashboard | findstr versionName</arg>
<doc>Runs the given command in the system and returns the output.</doc>
<msg timestamp="20230525 16:02:42.927" level="INFO">Running command 'adb -s 21208522513170 shell dumpsys package com.royalmail.mydashboard | findstr versionName 2&gt;&amp;1'.</msg>
<msg timestamp="20230525 16:02:43.052" level="INFO">${my} =     versionName=3.2</msg>
<status status="PASS" starttime="20230525 16:02:42.921" endtime="20230525 16:02:43.052"/>
</kw>
<kw name="Write Excel Cell" library="ExcelLibrary">
<arg>7</arg>
<arg>2</arg>
<arg>${my}</arg>
<doc>Writes value to the cell.</doc>
<status status="PASS" starttime="20230525 16:02:43.053" endtime="20230525 16:02:43.053"/>
</kw>
<kw name="Save Excel Document" library="ExcelLibrary">
<arg>${path}</arg>
<doc>Saves the current document to disk.</doc>
<status status="PASS" starttime="20230525 16:02:43.054" endtime="20230525 16:02:43.066"/>
</kw>
<kw name="Run" library="OperatingSystem">
<var>${ex}</var>
<arg>adb -s ${id1} shell dumpsys package com.royalmail.externallink | findstr versionName</arg>
<doc>Runs the given command in the system and returns the output.</doc>
<msg timestamp="20230525 16:02:43.075" level="INFO">Running command 'adb -s 21208522513170 shell dumpsys package com.royalmail.externallink | findstr versionName 2&gt;&amp;1'.</msg>
<msg timestamp="20230525 16:02:43.219" level="INFO">${ex} =     versionName=3.2</msg>
<status status="PASS" starttime="20230525 16:02:43.067" endtime="20230525 16:02:43.219"/>
</kw>
<kw name="Write Excel Cell" library="ExcelLibrary">
<arg>8</arg>
<arg>2</arg>
<arg>${ex}</arg>
<doc>Writes value to the cell.</doc>
<status status="PASS" starttime="20230525 16:02:43.220" endtime="20230525 16:02:43.220"/>
</kw>
<kw name="Save Excel Document" library="ExcelLibrary">
<arg>${path}</arg>
<doc>Saves the current document to disk.</doc>
<status status="PASS" starttime="20230525 16:02:43.221" endtime="20230525 16:02:43.232"/>
</kw>
<kw name="Run" library="OperatingSystem">
<var>${nv}</var>
<arg>adb -s ${id1} shell dumpsys package com.royalmail.navigation | findstr versionName</arg>
<doc>Runs the given command in the system and returns the output.</doc>
<msg timestamp="20230525 16:02:43.239" level="INFO">Running command 'adb -s 21208522513170 shell dumpsys package com.royalmail.navigation | findstr versionName 2&gt;&amp;1'.</msg>
<msg timestamp="20230525 16:02:43.358" level="INFO">${nv} =     versionName=3.1</msg>
<status status="PASS" starttime="20230525 16:02:43.232" endtime="20230525 16:02:43.358"/>
</kw>
<kw name="Write Excel Cell" library="ExcelLibrary">
<arg>9</arg>
<arg>2</arg>
<arg>${nv}</arg>
<doc>Writes value to the cell.</doc>
<status status="PASS" starttime="20230525 16:02:43.359" endtime="20230525 16:02:43.359"/>
</kw>
<kw name="Save Excel Document" library="ExcelLibrary">
<arg>${path}</arg>
<doc>Saves the current document to disk.</doc>
<status status="PASS" starttime="20230525 16:02:43.360" endtime="20230525 16:02:43.370"/>
</kw>
<kw name="Run" library="OperatingSystem">
<var>${oa}</var>
<arg>adb -s ${id1} shell dumpsys package com.royalmail.oa | findstr versionName</arg>
<doc>Runs the given command in the system and returns the output.</doc>
<msg timestamp="20230525 16:02:43.378" level="INFO">Running command 'adb -s 21208522513170 shell dumpsys package com.royalmail.oa | findstr versionName 2&gt;&amp;1'.</msg>
<msg timestamp="20230525 16:02:43.499" level="INFO">${oa} =     versionName=3.2</msg>
<status status="PASS" starttime="20230525 16:02:43.371" endtime="20230525 16:02:43.499"/>
</kw>
<kw name="Write Excel Cell" library="ExcelLibrary">
<arg>10</arg>
<arg>2</arg>
<arg>${oa}</arg>
<doc>Writes value to the cell.</doc>
<status status="PASS" starttime="20230525 16:02:43.500" endtime="20230525 16:02:43.500"/>
</kw>
<kw name="Save Excel Document" library="ExcelLibrary">
<arg>${path}</arg>
<doc>Saves the current document to disk.</doc>
<status status="PASS" starttime="20230525 16:02:43.501" endtime="20230525 16:02:43.511"/>
</kw>
<kw name="Run" library="OperatingSystem">
<var>${ss}</var>
<arg>adb -s ${id1} shell dumpsys package com.royalmail.sso | findstr versionName</arg>
<doc>Runs the given command in the system and returns the output.</doc>
<msg timestamp="20230525 16:02:43.519" level="INFO">Running command 'adb -s 21208522513170 shell dumpsys package com.royalmail.sso | findstr versionName 2&gt;&amp;1'.</msg>
<msg timestamp="20230525 16:02:43.646" level="INFO">${ss} =     versionName=6.5</msg>
<status status="PASS" starttime="20230525 16:02:43.512" endtime="20230525 16:02:43.646"/>
</kw>
<kw name="Write Excel Cell" library="ExcelLibrary">
<arg>11</arg>
<arg>2</arg>
<arg>${ss}</arg>
<doc>Writes value to the cell.</doc>
<status status="PASS" starttime="20230525 16:02:43.647" endtime="20230525 16:02:43.647"/>
</kw>
<kw name="Save Excel Document" library="ExcelLibrary">
<arg>${path}</arg>
<doc>Saves the current document to disk.</doc>
<status status="PASS" starttime="20230525 16:02:43.648" endtime="20230525 16:02:43.658"/>
</kw>
<kw name="Run" library="OperatingSystem">
<var>${ph}</var>
<arg>adb -s ${id1} shell dumpsys package com.royalmail.phonebook | findstr versionName</arg>
<doc>Runs the given command in the system and returns the output.</doc>
<msg timestamp="20230525 16:02:43.666" level="INFO">Running command 'adb -s 21208522513170 shell dumpsys package com.royalmail.phonebook | findstr versionName 2&gt;&amp;1'.</msg>
<msg timestamp="20230525 16:02:43.791" level="INFO">${ph} =     versionName=3.0</msg>
<status status="PASS" starttime="20230525 16:02:43.659" endtime="20230525 16:02:43.791"/>
</kw>
<kw name="Write Excel Cell" library="ExcelLibrary">
<arg>12</arg>
<arg>2</arg>
<arg>${ph}</arg>
<doc>Writes value to the cell.</doc>
<status status="PASS" starttime="20230525 16:02:43.791" endtime="20230525 16:02:43.792"/>
</kw>
<kw name="Save Excel Document" library="ExcelLibrary">
<arg>${path}</arg>
<doc>Saves the current document to disk.</doc>
<status status="PASS" starttime="20230525 16:02:43.792" endtime="20230525 16:02:43.804"/>
</kw>
<kw name="Run" library="OperatingSystem">
<var>${ou}</var>
<arg>adb -s ${id1} shell dumpsys package com.royalmail.outdoor | findstr versionName</arg>
<doc>Runs the given command in the system and returns the output.</doc>
<msg timestamp="20230525 16:02:43.813" level="INFO">Running command 'adb -s 21208522513170 shell dumpsys package com.royalmail.outdoor | findstr versionName 2&gt;&amp;1'.</msg>
<msg timestamp="20230525 16:02:43.951" level="INFO">${ou} =     versionName=6.8</msg>
<status status="PASS" starttime="20230525 16:02:43.805" endtime="20230525 16:02:43.951"/>
</kw>
<kw name="Write Excel Cell" library="ExcelLibrary">
<arg>13</arg>
<arg>2</arg>
<arg>${ou}</arg>
<doc>Writes value to the cell.</doc>
<status status="PASS" starttime="20230525 16:02:43.952" endtime="20230525 16:02:43.953"/>
</kw>
<kw name="Save Excel Document" library="ExcelLibrary">
<arg>${path}</arg>
<doc>Saves the current document to disk.</doc>
<status status="PASS" starttime="20230525 16:02:43.954" endtime="20230525 16:02:43.968"/>
</kw>
<kw name="Run" library="OperatingSystem">
<var>${wa}</var>
<arg>adb -s ${id1} shell dumpsys package com.royalmail.watchandwin | findstr versionName</arg>
<doc>Runs the given command in the system and returns the output.</doc>
<msg timestamp="20230525 16:02:43.975" level="INFO">Running command 'adb -s 21208522513170 shell dumpsys package com.royalmail.watchandwin | findstr versionName 2&gt;&amp;1'.</msg>
<msg timestamp="20230525 16:02:44.109" level="INFO">${wa} =     versionName=3.0</msg>
<status status="PASS" starttime="20230525 16:02:43.969" endtime="20230525 16:02:44.110"/>
</kw>
<kw name="Write Excel Cell" library="ExcelLibrary">
<arg>14</arg>
<arg>2</arg>
<arg>${wa}</arg>
<doc>Writes value to the cell.</doc>
<status status="PASS" starttime="20230525 16:02:44.110" endtime="20230525 16:02:44.111"/>
</kw>
<kw name="Save Excel Document" library="ExcelLibrary">
<arg>${path}</arg>
<doc>Saves the current document to disk.</doc>
<status status="PASS" starttime="20230525 16:02:44.111" endtime="20230525 16:02:44.123"/>
</kw>
<kw name="Run" library="OperatingSystem">
<var>${ro}</var>
<arg>adb -s ${id1} shell dumpsys package com.royalmail.ron | findstr versionName</arg>
<doc>Runs the given command in the system and returns the output.</doc>
<msg timestamp="20230525 16:02:44.130" level="INFO">Running command 'adb -s 21208522513170 shell dumpsys package com.royalmail.ron | findstr versionName 2&gt;&amp;1'.</msg>
<msg timestamp="20230525 16:02:44.257" level="INFO">${ro} =     versionName=6.0</msg>
<status status="PASS" starttime="20230525 16:02:44.124" endtime="20230525 16:02:44.257"/>
</kw>
<kw name="Write Excel Cell" library="ExcelLibrary">
<arg>15</arg>
<arg>2</arg>
<arg>${ro}</arg>
<doc>Writes value to the cell.</doc>
<status status="PASS" starttime="20230525 16:02:44.258" endtime="20230525 16:02:44.258"/>
</kw>
<kw name="Save Excel Document" library="ExcelLibrary">
<arg>${path}</arg>
<doc>Saves the current document to disk.</doc>
<status status="PASS" starttime="20230525 16:02:44.258" endtime="20230525 16:02:44.271"/>
</kw>
<kw name="Run" library="OperatingSystem">
<var>${ho}</var>
<arg>adb -s ${id1} shell dumpsys package com.royalmail.hourscapture | findstr versionName</arg>
<doc>Runs the given command in the system and returns the output.</doc>
<msg timestamp="20230525 16:02:44.277" level="INFO">Running command 'adb -s 21208522513170 shell dumpsys package com.royalmail.hourscapture | findstr versionName 2&gt;&amp;1'.</msg>
<msg timestamp="20230525 16:02:44.396" level="INFO">${ho} =     versionName=3.0</msg>
<status status="PASS" starttime="20230525 16:02:44.271" endtime="20230525 16:02:44.396"/>
</kw>
<kw name="Write Excel Cell" library="ExcelLibrary">
<arg>16</arg>
<arg>2</arg>
<arg>${ho}</arg>
<doc>Writes value to the cell.</doc>
<status status="PASS" starttime="20230525 16:02:44.397" endtime="20230525 16:02:44.397"/>
</kw>
<kw name="Save Excel Document" library="ExcelLibrary">
<arg>${path}</arg>
<doc>Saves the current document to disk.</doc>
<status status="PASS" starttime="20230525 16:02:44.398" endtime="20230525 16:02:44.414"/>
</kw>
<kw name="Run" library="OperatingSystem">
<var>${tm}</var>
<arg>adb -s ${id1} shell dumpsys package com.royalmail.tma | findstr versionName</arg>
<doc>Runs the given command in the system and returns the output.</doc>
<msg timestamp="20230525 16:02:44.420" level="INFO">Running command 'adb -s 21208522513170 shell dumpsys package com.royalmail.tma | findstr versionName 2&gt;&amp;1'.</msg>
<msg timestamp="20230525 16:02:44.537" level="INFO">${tm} =     versionName=3.3</msg>
<status status="PASS" starttime="20230525 16:02:44.414" endtime="20230525 16:02:44.537"/>
</kw>
<kw name="Write Excel Cell" library="ExcelLibrary">
<arg>17</arg>
<arg>2</arg>
<arg>${tm}</arg>
<doc>Writes value to the cell.</doc>
<status status="PASS" starttime="20230525 16:02:44.538" endtime="20230525 16:02:44.538"/>
</kw>
<kw name="Save Excel Document" library="ExcelLibrary">
<arg>${path}</arg>
<doc>Saves the current document to disk.</doc>
<status status="PASS" starttime="20230525 16:02:44.539" endtime="20230525 16:02:44.553"/>
</kw>
<kw name="Run" library="OperatingSystem">
<var>${ve}</var>
<arg>adb -s ${id1} shell dumpsys package com.royalmail.vehiclecheck | findstr versionName</arg>
<doc>Runs the given command in the system and returns the output.</doc>
<msg timestamp="20230525 16:02:44.559" level="INFO">Running command 'adb -s 21208522513170 shell dumpsys package com.royalmail.vehiclecheck | findstr versionName 2&gt;&amp;1'.</msg>
<msg timestamp="20230525 16:02:44.675" level="INFO">${ve} =     versionName=3.4</msg>
<status status="PASS" starttime="20230525 16:02:44.553" endtime="20230525 16:02:44.675"/>
</kw>
<kw name="Write Excel Cell" library="ExcelLibrary">
<arg>18</arg>
<arg>2</arg>
<arg>${ve}</arg>
<doc>Writes value to the cell.</doc>
<status status="PASS" starttime="20230525 16:02:44.675" endtime="20230525 16:02:44.676"/>
</kw>
<kw name="Save Excel Document" library="ExcelLibrary">
<arg>${path}</arg>
<doc>Saves the current document to disk.</doc>
<status status="PASS" starttime="20230525 16:02:44.676" endtime="20230525 16:02:44.689"/>
</kw>
<kw name="Run" library="OperatingSystem">
<var>${da}</var>
<arg>adb -s ${id1} shell dumpsys package com.symbol.dataanalytics | findstr versionName</arg>
<doc>Runs the given command in the system and returns the output.</doc>
<msg timestamp="20230525 16:02:44.695" level="INFO">Running command 'adb -s 21208522513170 shell dumpsys package com.symbol.dataanalytics | findstr versionName 2&gt;&amp;1'.</msg>
<msg timestamp="20230525 16:02:44.817" level="INFO">${da} =     versionName=10.0.7.1001
    versionName=10.0.1.1042</msg>
<status status="PASS" starttime="20230525 16:02:44.689" endtime="20230525 16:02:44.817"/>
</kw>
<kw name="Write Excel Cell" library="ExcelLibrary">
<arg>19</arg>
<arg>2</arg>
<arg>${da}</arg>
<doc>Writes value to the cell.</doc>
<status status="PASS" starttime="20230525 16:02:44.818" endtime="20230525 16:02:44.818"/>
</kw>
<kw name="Save Excel Document" library="ExcelLibrary">
<arg>${path}</arg>
<doc>Saves the current document to disk.</doc>
<status status="PASS" starttime="20230525 16:02:44.819" endtime="20230525 16:02:44.831"/>
</kw>
<kw name="Run" library="OperatingSystem">
<var>${dc}</var>
<arg>adb -s ${id1} shell dumpsys package com.symbol.dataanalytics.dca | findstr versionName</arg>
<doc>Runs the given command in the system and returns the output.</doc>
<msg timestamp="20230525 16:02:44.837" level="INFO">Running command 'adb -s 21208522513170 shell dumpsys package com.symbol.dataanalytics.dca | findstr versionName 2&gt;&amp;1'.</msg>
<msg timestamp="20230525 16:02:44.954" level="INFO">${dc} =     versionName=10.0.7.1001
    versionName=10.0.1.1042</msg>
<status status="PASS" starttime="20230525 16:02:44.831" endtime="20230525 16:02:44.954"/>
</kw>
<kw name="Write Excel Cell" library="ExcelLibrary">
<arg>20</arg>
<arg>2</arg>
<arg>${dc}</arg>
<doc>Writes value to the cell.</doc>
<status status="PASS" starttime="20230525 16:02:44.955" endtime="20230525 16:02:44.955"/>
</kw>
<kw name="Save Excel Document" library="ExcelLibrary">
<arg>${path}</arg>
<doc>Saves the current document to disk.</doc>
<status status="PASS" starttime="20230525 16:02:44.956" endtime="20230525 16:02:44.966"/>
</kw>
<kw name="Press Keycode" library="AppiumLibrary">
<arg>3</arg>
<doc>Sends a press of keycode to the device.</doc>
<status status="PASS" starttime="20230525 16:02:44.966" endtime="20230525 16:02:45.031"/>
</kw>
<kw name="Close All Excel Documents" library="ExcelLibrary">
<doc>Closes all opened documents.</doc>
<status status="PASS" starttime="20230525 16:02:45.031" endtime="20230525 16:02:45.032"/>
</kw>
<status status="PASS" starttime="20230525 16:02:31.538" endtime="20230525 16:02:45.032"/>
</test>
<doc>Capture application version from 21208522513170</doc>
<status status="PASS" starttime="20230525 16:02:28.171" endtime="20230525 16:02:45.034"/>
</suite>
<statistics>
<total>
<stat pass="2" fail="0" skip="0">All Tests</stat>
</total>
<tag>
</tag>
<suite>
<stat pass="2" fail="0" skip="0" id="s1" name="appVeradb">appVeradb</stat>
</suite>
</statistics>
<errors>
</errors>
</robot>
