<?xml version="1.0" encoding="UTF-8"?>
<robot generator="Robot 5.0.1 (Python 3.10.7 on win32)" generated="20230525 16:11:52.701" rpa="false" schemaversion="3">
<suite id="s1" name="appVeradb" source="C:\Users\Testing_Lab\PycharmProjects\AndroidProject\Device\appVeradb.robot">
<test id="s1-t1" name="Open Excel File" line="15">
<kw name="Sleep" library="BuiltIn">
<arg>1s</arg>
<doc>Pauses the test executed for the given time.</doc>
<msg timestamp="20230525 16:11:54.090" level="INFO">Slept 1 second</msg>
<status status="PASS" starttime="20230525 16:11:53.081" endtime="20230525 16:11:54.090"/>
</kw>
<kw name="Open Excel Document" library="ExcelLibrary">
<arg>${path}</arg>
<arg>doc_id=Sheet2</arg>
<doc>Opens xlsx document file.</doc>
<status status="PASS" starttime="20230525 16:11:54.091" endtime="20230525 16:11:54.097"/>
</kw>
<kw name="Get Sheet" library="ExcelLibrary">
<arg>Sheet2</arg>
<doc>Returns a page from the current document.</doc>
<status status="PASS" starttime="20230525 16:11:54.098" endtime="20230525 16:11:54.098"/>
</kw>
<kw name="Sleep" library="BuiltIn">
<arg>2s</arg>
<doc>Pauses the test executed for the given time.</doc>
<msg timestamp="20230525 16:11:56.109" level="INFO">Slept 2 seconds</msg>
<status status="PASS" starttime="20230525 16:11:54.098" endtime="20230525 16:11:56.109"/>
</kw>
<status status="PASS" starttime="20230525 16:11:53.081" endtime="20230525 16:11:56.110"/>
</test>
<test id="s1-t2" name="Capture all app version" line="20">
<kw name="Open Application" library="AppiumLibrary">
<arg>http://127.0.0.1:4723/wd/hub</arg>
<arg>platformName=android</arg>
<arg>platformVersion=10</arg>
<arg>udid=${id}</arg>
<arg>deviceName=TC57X</arg>
<arg>appPackage=com.android.settings</arg>
<arg>appActivity=com.android.settings.homepage.SettingsHomepageActivity</arg>
<arg>automationName=Uiautomator2</arg>
<doc>Opens a new application to given Appium server.
Capabilities of appium server, Android and iOS,
Please check https://github.com/appium/appium/blob/master/docs/en/writing-running-appium/server-args.md
| *Option*            | *Man.* | *Description*     |
| remote_url          | Yes    | Appium server url |
| alias               | no     | alias             |
| strict_ssl          | No     | allows you to send commands to an invalid certificate host like a self-signed one. |</doc>
<status status="PASS" starttime="20230525 16:11:56.112" endtime="20230525 16:12:03.866"/>
</kw>
<kw name="Sleep" library="BuiltIn">
<arg>2s</arg>
<doc>Pauses the test executed for the given time.</doc>
<msg timestamp="20230525 16:12:05.872" level="INFO">Slept 2 seconds</msg>
<status status="PASS" starttime="20230525 16:12:03.866" endtime="20230525 16:12:05.872"/>
</kw>
<kw name="Run" library="OperatingSystem">
<var>${em}</var>
<arg>adb -s ${id} shell dumpsys package com.zebra.emscript | findstr versionName</arg>
<doc>Runs the given command in the system and returns the output.</doc>
<msg timestamp="20230525 16:12:05.878" level="INFO">Running command 'adb -s 21208522513161 shell dumpsys package com.zebra.emscript | findstr versionName 2&gt;&amp;1'.</msg>
<msg timestamp="20230525 16:12:06.000" level="INFO">${em} =     versionName=1.3.6</msg>
<status status="PASS" starttime="20230525 16:12:05.872" endtime="20230525 16:12:06.000"/>
</kw>
<kw name="Write Excel Cell" library="ExcelLibrary">
<arg>2</arg>
<arg>2</arg>
<arg>${em}</arg>
<doc>Writes value to the cell.</doc>
<status status="PASS" starttime="20230525 16:12:06.001" endtime="20230525 16:12:06.002"/>
</kw>
<kw name="Save Excel Document" library="ExcelLibrary">
<arg>${path}</arg>
<doc>Saves the current document to disk.</doc>
<status status="PASS" starttime="20230525 16:12:06.002" endtime="20230525 16:12:06.012"/>
</kw>
<kw name="Run" library="OperatingSystem">
<var>${phl}</var>
<arg>adb -s ${id} shell dumpsys package com.zebra.emscript.ph_plugin | findstr versionName</arg>
<doc>Runs the given command in the system and returns the output.</doc>
<msg timestamp="20230525 16:12:06.019" level="INFO">Running command 'adb -s 21208522513161 shell dumpsys package com.zebra.emscript.ph_plugin | findstr versionName 2&gt;&amp;1'.</msg>
<msg timestamp="20230525 16:12:06.147" level="INFO">${phl} =     versionName=0.1.564</msg>
<status status="PASS" starttime="20230525 16:12:06.012" endtime="20230525 16:12:06.147"/>
</kw>
<kw name="Write Excel Cell" library="ExcelLibrary">
<arg>3</arg>
<arg>2</arg>
<arg>${phl}</arg>
<doc>Writes value to the cell.</doc>
<status status="PASS" starttime="20230525 16:12:06.147" endtime="20230525 16:12:06.148"/>
</kw>
<kw name="Save Excel Document" library="ExcelLibrary">
<arg>${path}</arg>
<doc>Saves the current document to disk.</doc>
<status status="PASS" starttime="20230525 16:12:06.148" endtime="20230525 16:12:06.157"/>
</kw>
<kw name="Run" library="OperatingSystem">
<var>${in}</var>
<arg>adb -s ${id} shell dumpsys package com.royalmail.indoor | findstr versionName</arg>
<doc>Runs the given command in the system and returns the output.</doc>
<msg timestamp="20230525 16:12:06.165" level="INFO">Running command 'adb -s 21208522513161 shell dumpsys package com.royalmail.indoor | findstr versionName 2&gt;&amp;1'.</msg>
<msg timestamp="20230525 16:12:06.287" level="INFO">${in} =     versionName=6.5</msg>
<status status="PASS" starttime="20230525 16:12:06.157" endtime="20230525 16:12:06.287"/>
</kw>
<kw name="Write Excel Cell" library="ExcelLibrary">
<arg>4</arg>
<arg>2</arg>
<arg>${in}</arg>
<doc>Writes value to the cell.</doc>
<status status="PASS" starttime="20230525 16:12:06.288" endtime="20230525 16:12:06.288"/>
</kw>
<kw name="Save Excel Document" library="ExcelLibrary">
<arg>${path}</arg>
<doc>Saves the current document to disk.</doc>
<status status="PASS" starttime="20230525 16:12:06.289" endtime="20230525 16:12:06.301"/>
</kw>
<kw name="Run" library="OperatingSystem">
<var>${inf}</var>
<arg>adb -s ${id} shell dumpsys package com.royalmail.inflight | findstr versionName</arg>
<doc>Runs the given command in the system and returns the output.</doc>
<msg timestamp="20230525 16:12:06.309" level="INFO">Running command 'adb -s 21208522513161 shell dumpsys package com.royalmail.inflight | findstr versionName 2&gt;&amp;1'.</msg>
<msg timestamp="20230525 16:12:06.427" level="INFO">${inf} =     versionName=3.5</msg>
<status status="PASS" starttime="20230525 16:12:06.301" endtime="20230525 16:12:06.427"/>
</kw>
<kw name="Write Excel Cell" library="ExcelLibrary">
<arg>5</arg>
<arg>2</arg>
<arg>${inf}</arg>
<doc>Writes value to the cell.</doc>
<status status="PASS" starttime="20230525 16:12:06.427" endtime="20230525 16:12:06.428"/>
</kw>
<kw name="Save Excel Document" library="ExcelLibrary">
<arg>${path}</arg>
<doc>Saves the current document to disk.</doc>
<status status="PASS" starttime="20230525 16:12:06.428" endtime="20230525 16:12:06.441"/>
</kw>
<kw name="Run" library="OperatingSystem">
<var>${m}</var>
<arg>adb -s ${id} shell dumpsys package com.royalmail.memo | findstr versionName</arg>
<doc>Runs the given command in the system and returns the output.</doc>
<msg timestamp="20230525 16:12:06.451" level="INFO">Running command 'adb -s 21208522513161 shell dumpsys package com.royalmail.memo | findstr versionName 2&gt;&amp;1'.</msg>
<msg timestamp="20230525 16:12:06.579" level="INFO">${m} =     versionName=3.0</msg>
<status status="PASS" starttime="20230525 16:12:06.442" endtime="20230525 16:12:06.579"/>
</kw>
<kw name="Write Excel Cell" library="ExcelLibrary">
<arg>6</arg>
<arg>2</arg>
<arg>${m}</arg>
<doc>Writes value to the cell.</doc>
<status status="PASS" starttime="20230525 16:12:06.580" endtime="20230525 16:12:06.581"/>
</kw>
<kw name="Save Excel Document" library="ExcelLibrary">
<arg>${path}</arg>
<doc>Saves the current document to disk.</doc>
<status status="PASS" starttime="20230525 16:12:06.581" endtime="20230525 16:12:06.593"/>
</kw>
<kw name="Run" library="OperatingSystem">
<var>${my}</var>
<arg>adb -s ${id} shell dumpsys package com.royalmail.mydashboard | findstr versionName</arg>
<doc>Runs the given command in the system and returns the output.</doc>
<msg timestamp="20230525 16:12:06.600" level="INFO">Running command 'adb -s 21208522513161 shell dumpsys package com.royalmail.mydashboard | findstr versionName 2&gt;&amp;1'.</msg>
<msg timestamp="20230525 16:12:06.718" level="INFO">${my} =     versionName=3.2</msg>
<status status="PASS" starttime="20230525 16:12:06.594" endtime="20230525 16:12:06.718"/>
</kw>
<kw name="Write Excel Cell" library="ExcelLibrary">
<arg>7</arg>
<arg>2</arg>
<arg>${my}</arg>
<doc>Writes value to the cell.</doc>
<status status="PASS" starttime="20230525 16:12:06.719" endtime="20230525 16:12:06.719"/>
</kw>
<kw name="Save Excel Document" library="ExcelLibrary">
<arg>${path}</arg>
<doc>Saves the current document to disk.</doc>
<status status="PASS" starttime="20230525 16:12:06.719" endtime="20230525 16:12:06.734"/>
</kw>
<kw name="Run" library="OperatingSystem">
<var>${ex}</var>
<arg>adb -s ${id} shell dumpsys package com.royalmail.externallink | findstr versionName</arg>
<doc>Runs the given command in the system and returns the output.</doc>
<msg timestamp="20230525 16:12:06.741" level="INFO">Running command 'adb -s 21208522513161 shell dumpsys package com.royalmail.externallink | findstr versionName 2&gt;&amp;1'.</msg>
<msg timestamp="20230525 16:12:06.862" level="INFO">${ex} =     versionName=3.1</msg>
<status status="PASS" starttime="20230525 16:12:06.734" endtime="20230525 16:12:06.862"/>
</kw>
<kw name="Write Excel Cell" library="ExcelLibrary">
<arg>8</arg>
<arg>2</arg>
<arg>${ex}</arg>
<doc>Writes value to the cell.</doc>
<status status="PASS" starttime="20230525 16:12:06.863" endtime="20230525 16:12:06.863"/>
</kw>
<kw name="Save Excel Document" library="ExcelLibrary">
<arg>${path}</arg>
<doc>Saves the current document to disk.</doc>
<status status="PASS" starttime="20230525 16:12:06.864" endtime="20230525 16:12:06.873"/>
</kw>
<kw name="Run" library="OperatingSystem">
<var>${nv}</var>
<arg>adb -s ${id} shell dumpsys package com.royalmail.navigation | findstr versionName</arg>
<doc>Runs the given command in the system and returns the output.</doc>
<msg timestamp="20230525 16:12:06.880" level="INFO">Running command 'adb -s 21208522513161 shell dumpsys package com.royalmail.navigation | findstr versionName 2&gt;&amp;1'.</msg>
<msg timestamp="20230525 16:12:06.998" level="INFO">${nv} =     versionName=3.1</msg>
<status status="PASS" starttime="20230525 16:12:06.874" endtime="20230525 16:12:06.998"/>
</kw>
<kw name="Write Excel Cell" library="ExcelLibrary">
<arg>9</arg>
<arg>2</arg>
<arg>${nv}</arg>
<doc>Writes value to the cell.</doc>
<status status="PASS" starttime="20230525 16:12:06.999" endtime="20230525 16:12:06.999"/>
</kw>
<kw name="Save Excel Document" library="ExcelLibrary">
<arg>${path}</arg>
<doc>Saves the current document to disk.</doc>
<status status="PASS" starttime="20230525 16:12:07.000" endtime="20230525 16:12:07.010"/>
</kw>
<kw name="Run" library="OperatingSystem">
<var>${oa}</var>
<arg>adb -s ${id} shell dumpsys package com.royalmail.oa | findstr versionName</arg>
<doc>Runs the given command in the system and returns the output.</doc>
<msg timestamp="20230525 16:12:07.017" level="INFO">Running command 'adb -s 21208522513161 shell dumpsys package com.royalmail.oa | findstr versionName 2&gt;&amp;1'.</msg>
<msg timestamp="20230525 16:12:07.138" level="INFO">${oa} =     versionName=3.2</msg>
<status status="PASS" starttime="20230525 16:12:07.010" endtime="20230525 16:12:07.138"/>
</kw>
<kw name="Write Excel Cell" library="ExcelLibrary">
<arg>10</arg>
<arg>2</arg>
<arg>${oa}</arg>
<doc>Writes value to the cell.</doc>
<status status="PASS" starttime="20230525 16:12:07.140" endtime="20230525 16:12:07.140"/>
</kw>
<kw name="Save Excel Document" library="ExcelLibrary">
<arg>${path}</arg>
<doc>Saves the current document to disk.</doc>
<status status="PASS" starttime="20230525 16:12:07.140" endtime="20230525 16:12:07.150"/>
</kw>
<kw name="Run" library="OperatingSystem">
<var>${ss}</var>
<arg>adb -s ${id} shell dumpsys package com.royalmail.sso | findstr versionName</arg>
<doc>Runs the given command in the system and returns the output.</doc>
<msg timestamp="20230525 16:12:07.156" level="INFO">Running command 'adb -s 21208522513161 shell dumpsys package com.royalmail.sso | findstr versionName 2&gt;&amp;1'.</msg>
<msg timestamp="20230525 16:12:07.272" level="INFO">${ss} =     versionName=6.4</msg>
<status status="PASS" starttime="20230525 16:12:07.150" endtime="20230525 16:12:07.272"/>
</kw>
<kw name="Write Excel Cell" library="ExcelLibrary">
<arg>11</arg>
<arg>2</arg>
<arg>${ss}</arg>
<doc>Writes value to the cell.</doc>
<status status="PASS" starttime="20230525 16:12:07.273" endtime="20230525 16:12:07.273"/>
</kw>
<kw name="Save Excel Document" library="ExcelLibrary">
<arg>${path}</arg>
<doc>Saves the current document to disk.</doc>
<status status="PASS" starttime="20230525 16:12:07.273" endtime="20230525 16:12:07.286"/>
</kw>
<kw name="Run" library="OperatingSystem">
<var>${ph}</var>
<arg>adb -s ${id} shell dumpsys package com.royalmail.phonebook | findstr versionName</arg>
<doc>Runs the given command in the system and returns the output.</doc>
<msg timestamp="20230525 16:12:07.293" level="INFO">Running command 'adb -s 21208522513161 shell dumpsys package com.royalmail.phonebook | findstr versionName 2&gt;&amp;1'.</msg>
<msg timestamp="20230525 16:12:07.406" level="INFO">${ph} =     versionName=3.0</msg>
<status status="PASS" starttime="20230525 16:12:07.286" endtime="20230525 16:12:07.406"/>
</kw>
<kw name="Write Excel Cell" library="ExcelLibrary">
<arg>12</arg>
<arg>2</arg>
<arg>${ph}</arg>
<doc>Writes value to the cell.</doc>
<status status="PASS" starttime="20230525 16:12:07.407" endtime="20230525 16:12:07.407"/>
</kw>
<kw name="Save Excel Document" library="ExcelLibrary">
<arg>${path}</arg>
<doc>Saves the current document to disk.</doc>
<status status="PASS" starttime="20230525 16:12:07.408" endtime="20230525 16:12:07.425"/>
</kw>
<kw name="Run" library="OperatingSystem">
<var>${ou}</var>
<arg>adb -s ${id} shell dumpsys package com.royalmail.outdoor | findstr versionName</arg>
<doc>Runs the given command in the system and returns the output.</doc>
<msg timestamp="20230525 16:12:07.433" level="INFO">Running command 'adb -s 21208522513161 shell dumpsys package com.royalmail.outdoor | findstr versionName 2&gt;&amp;1'.</msg>
<msg timestamp="20230525 16:12:07.558" level="INFO">${ou} =     versionName=6.7</msg>
<status status="PASS" starttime="20230525 16:12:07.426" endtime="20230525 16:12:07.558"/>
</kw>
<kw name="Write Excel Cell" library="ExcelLibrary">
<arg>13</arg>
<arg>2</arg>
<arg>${ou}</arg>
<doc>Writes value to the cell.</doc>
<status status="PASS" starttime="20230525 16:12:07.559" endtime="20230525 16:12:07.559"/>
</kw>
<kw name="Save Excel Document" library="ExcelLibrary">
<arg>${path}</arg>
<doc>Saves the current document to disk.</doc>
<status status="PASS" starttime="20230525 16:12:07.560" endtime="20230525 16:12:07.569"/>
</kw>
<kw name="Run" library="OperatingSystem">
<var>${wa}</var>
<arg>adb -s ${id} shell dumpsys package com.royalmail.watchandwin | findstr versionName</arg>
<doc>Runs the given command in the system and returns the output.</doc>
<msg timestamp="20230525 16:12:07.576" level="INFO">Running command 'adb -s 21208522513161 shell dumpsys package com.royalmail.watchandwin | findstr versionName 2&gt;&amp;1'.</msg>
<msg timestamp="20230525 16:12:07.722" level="INFO">${wa} =     versionName=3.0</msg>
<status status="PASS" starttime="20230525 16:12:07.570" endtime="20230525 16:12:07.722"/>
</kw>
<kw name="Write Excel Cell" library="ExcelLibrary">
<arg>14</arg>
<arg>2</arg>
<arg>${wa}</arg>
<doc>Writes value to the cell.</doc>
<status status="PASS" starttime="20230525 16:12:07.724" endtime="20230525 16:12:07.724"/>
</kw>
<kw name="Save Excel Document" library="ExcelLibrary">
<arg>${path}</arg>
<doc>Saves the current document to disk.</doc>
<status status="PASS" starttime="20230525 16:12:07.725" endtime="20230525 16:12:07.742"/>
</kw>
<kw name="Run" library="OperatingSystem">
<var>${ro}</var>
<arg>adb -s ${id} shell dumpsys package com.royalmail.ron | findstr versionName</arg>
<doc>Runs the given command in the system and returns the output.</doc>
<msg timestamp="20230525 16:12:07.751" level="INFO">Running command 'adb -s 21208522513161 shell dumpsys package com.royalmail.ron | findstr versionName 2&gt;&amp;1'.</msg>
<msg timestamp="20230525 16:12:07.880" level="INFO">${ro} =     versionName=5.9</msg>
<status status="PASS" starttime="20230525 16:12:07.743" endtime="20230525 16:12:07.881"/>
</kw>
<kw name="Write Excel Cell" library="ExcelLibrary">
<arg>15</arg>
<arg>2</arg>
<arg>${ro}</arg>
<doc>Writes value to the cell.</doc>
<status status="PASS" starttime="20230525 16:12:07.882" endtime="20230525 16:12:07.883"/>
</kw>
<kw name="Save Excel Document" library="ExcelLibrary">
<arg>${path}</arg>
<doc>Saves the current document to disk.</doc>
<status status="PASS" starttime="20230525 16:12:07.884" endtime="20230525 16:12:07.908"/>
</kw>
<kw name="Run" library="OperatingSystem">
<var>${ho}</var>
<arg>adb -s ${id} shell dumpsys package com.royalmail.hourscapture | findstr versionName</arg>
<doc>Runs the given command in the system and returns the output.</doc>
<msg timestamp="20230525 16:12:07.916" level="INFO">Running command 'adb -s 21208522513161 shell dumpsys package com.royalmail.hourscapture | findstr versionName 2&gt;&amp;1'.</msg>
<msg timestamp="20230525 16:12:08.031" level="INFO">${ho} =     versionName=3.0</msg>
<status status="PASS" starttime="20230525 16:12:07.908" endtime="20230525 16:12:08.031"/>
</kw>
<kw name="Write Excel Cell" library="ExcelLibrary">
<arg>16</arg>
<arg>2</arg>
<arg>${ho}</arg>
<doc>Writes value to the cell.</doc>
<status status="PASS" starttime="20230525 16:12:08.032" endtime="20230525 16:12:08.032"/>
</kw>
<kw name="Save Excel Document" library="ExcelLibrary">
<arg>${path}</arg>
<doc>Saves the current document to disk.</doc>
<status status="PASS" starttime="20230525 16:12:08.033" endtime="20230525 16:12:08.052"/>
</kw>
<kw name="Run" library="OperatingSystem">
<var>${tm}</var>
<arg>adb -s ${id} shell dumpsys package com.royalmail.tma | findstr versionName</arg>
<doc>Runs the given command in the system and returns the output.</doc>
<msg timestamp="20230525 16:12:08.058" level="INFO">Running command 'adb -s 21208522513161 shell dumpsys package com.royalmail.tma | findstr versionName 2&gt;&amp;1'.</msg>
<msg timestamp="20230525 16:12:08.179" level="INFO">${tm} =     versionName=3.2</msg>
<status status="PASS" starttime="20230525 16:12:08.052" endtime="20230525 16:12:08.179"/>
</kw>
<kw name="Write Excel Cell" library="ExcelLibrary">
<arg>17</arg>
<arg>2</arg>
<arg>${tm}</arg>
<doc>Writes value to the cell.</doc>
<status status="PASS" starttime="20230525 16:12:08.180" endtime="20230525 16:12:08.180"/>
</kw>
<kw name="Save Excel Document" library="ExcelLibrary">
<arg>${path}</arg>
<doc>Saves the current document to disk.</doc>
<status status="PASS" starttime="20230525 16:12:08.181" endtime="20230525 16:12:08.190"/>
</kw>
<kw name="Run" library="OperatingSystem">
<var>${ve}</var>
<arg>adb -s ${id} shell dumpsys package com.royalmail.vehiclecheck | findstr versionName</arg>
<doc>Runs the given command in the system and returns the output.</doc>
<msg timestamp="20230525 16:12:08.196" level="INFO">Running command 'adb -s 21208522513161 shell dumpsys package com.royalmail.vehiclecheck | findstr versionName 2&gt;&amp;1'.</msg>
<msg timestamp="20230525 16:12:08.314" level="INFO">${ve} =     versionName=3.4</msg>
<status status="PASS" starttime="20230525 16:12:08.191" endtime="20230525 16:12:08.314"/>
</kw>
<kw name="Write Excel Cell" library="ExcelLibrary">
<arg>18</arg>
<arg>2</arg>
<arg>${ve}</arg>
<doc>Writes value to the cell.</doc>
<status status="PASS" starttime="20230525 16:12:08.315" endtime="20230525 16:12:08.315"/>
</kw>
<kw name="Save Excel Document" library="ExcelLibrary">
<arg>${path}</arg>
<doc>Saves the current document to disk.</doc>
<status status="PASS" starttime="20230525 16:12:08.316" endtime="20230525 16:12:08.324"/>
</kw>
<kw name="Run" library="OperatingSystem">
<var>${da}</var>
<arg>adb -s ${id} shell dumpsys package com.symbol.dataanalytics | findstr versionName</arg>
<doc>Runs the given command in the system and returns the output.</doc>
<msg timestamp="20230525 16:12:08.330" level="INFO">Running command 'adb -s 21208522513161 shell dumpsys package com.symbol.dataanalytics | findstr versionName 2&gt;&amp;1'.</msg>
<msg timestamp="20230525 16:12:08.456" level="INFO">${da} =     versionName=10.0.7.1001
    versionName=10.0.1.1042</msg>
<status status="PASS" starttime="20230525 16:12:08.325" endtime="20230525 16:12:08.456"/>
</kw>
<kw name="Write Excel Cell" library="ExcelLibrary">
<arg>19</arg>
<arg>2</arg>
<arg>${da}</arg>
<doc>Writes value to the cell.</doc>
<status status="PASS" starttime="20230525 16:12:08.457" endtime="20230525 16:12:08.457"/>
</kw>
<kw name="Save Excel Document" library="ExcelLibrary">
<arg>${path}</arg>
<doc>Saves the current document to disk.</doc>
<status status="PASS" starttime="20230525 16:12:08.458" endtime="20230525 16:12:08.466"/>
</kw>
<kw name="Run" library="OperatingSystem">
<var>${dc}</var>
<arg>adb -s ${id} shell dumpsys package com.symbol.dataanalytics.dca | findstr versionName</arg>
<doc>Runs the given command in the system and returns the output.</doc>
<msg timestamp="20230525 16:12:08.472" level="INFO">Running command 'adb -s 21208522513161 shell dumpsys package com.symbol.dataanalytics.dca | findstr versionName 2&gt;&amp;1'.</msg>
<msg timestamp="20230525 16:12:08.588" level="INFO">${dc} =     versionName=10.0.7.1001
    versionName=10.0.1.1042</msg>
<status status="PASS" starttime="20230525 16:12:08.467" endtime="20230525 16:12:08.588"/>
</kw>
<kw name="Write Excel Cell" library="ExcelLibrary">
<arg>20</arg>
<arg>2</arg>
<arg>${dc}</arg>
<doc>Writes value to the cell.</doc>
<status status="PASS" starttime="20230525 16:12:08.589" endtime="20230525 16:12:08.589"/>
</kw>
<kw name="Save Excel Document" library="ExcelLibrary">
<arg>${path}</arg>
<doc>Saves the current document to disk.</doc>
<status status="PASS" starttime="20230525 16:12:08.590" endtime="20230525 16:12:08.602"/>
</kw>
<kw name="Press Keycode" library="AppiumLibrary">
<arg>3</arg>
<doc>Sends a press of keycode to the device.</doc>
<status status="PASS" starttime="20230525 16:12:08.603" endtime="20230525 16:12:08.662"/>
</kw>
<kw name="Close All Excel Documents" library="ExcelLibrary">
<doc>Closes all opened documents.</doc>
<status status="PASS" starttime="20230525 16:12:08.663" endtime="20230525 16:12:08.663"/>
</kw>
<status status="PASS" starttime="20230525 16:11:56.111" endtime="20230525 16:12:08.663"/>
</test>
<doc>Capture application version from 21208522513161</doc>
<status status="PASS" starttime="20230525 16:11:52.702" endtime="20230525 16:12:08.664"/>
</suite>
<statistics>
<total>
<stat pass="2" fail="0" skip="0">All Tests</stat>
</total>
<tag>
</tag>
<suite>
<stat pass="2" fail="0" skip="0" id="s1" name="appVeradb">appVeradb</stat>
</suite>
</statistics>
<errors>
</errors>
</robot>
